<?xml version="1.0" encoding="UTF-8"?>
<testsuite name="br.ufscar.minhasTarefas.ListaTarefaServiceSpec" tests="2" skipped="0" failures="0" errors="0" timestamp="2016-06-04T14:13:20" hostname="l4m21" time="0.479">
  <properties/>
  <testcase name="listar retorna lista vazia quando não tem listas cadastradas" classname="br.ufscar.minhasTarefas.ListaTarefaServiceSpec" time="0.446"/>
  <testcase name="Lista retorna as listas cadastradas" classname="br.ufscar.minhasTarefas.ListaTarefaServiceSpec" time="0.033"/>
  <system-out><![CDATA[]]></system-out>
  <system-err><![CDATA[]]></system-err>
</testsuite>
